<?xml version="1.0" encoding="UTF-8"?>
<testng-results skipped="0" failed="1" ignored="0" total="2" passed="1">
  <reporter-output>
  </reporter-output>
  <suite name="Page Object test example" duration-ms="5503" started-at="2017-01-11T12:14:55Z" finished-at="2017-01-11T12:15:01Z">
    <groups>
    </groups>
    <test name="sample test" duration-ms="5503" started-at="2017-01-11T12:14:55Z" finished-at="2017-01-11T12:15:01Z">
      <class name="sampleAppium.testAppium.tests.alertsTest">
        <test-method status="PASS" signature="initializeTestBase()[pri:0, instance:sampleAppium.testAppium.tests.alertsTest@4667ae56]" name="initializeTestBase" is-config="true" duration-ms="449" started-at="2017-01-11T17:44:55Z" finished-at="2017-01-11T17:44:55Z">
          <reporter-output>
          </reporter-output>
        </test-method> <!-- initializeTestBase -->
        <test-method status="PASS" signature="setUp()[pri:0, instance:sampleAppium.testAppium.tests.alertsTest@4667ae56]" name="setUp" is-config="true" duration-ms="0" started-at="2017-01-11T17:44:55Z" finished-at="2017-01-11T17:44:55Z">
          <reporter-output>
          </reporter-output>
        </test-method> <!-- setUp -->
        <test-method status="PASS" signature="ClickonLinks()[pri:0, instance:sampleAppium.testAppium.tests.alertsTest@4667ae56]" name="ClickonLinks" duration-ms="8" started-at="2017-01-11T17:44:55Z" finished-at="2017-01-11T17:44:55Z">
          <reporter-output>
          </reporter-output>
        </test-method> <!-- ClickonLinks -->
        <test-method status="FAIL" signature="verifyHomePage()[pri:0, instance:sampleAppium.testAppium.tests.alertsTest@4667ae56]" name="verifyHomePage" duration-ms="5007" started-at="2017-01-11T17:44:55Z" finished-at="2017-01-11T17:45:00Z">
          <exception class="java.lang.NullPointerException">
            <full-stacktrace>
              <![CDATA[java.lang.NullPointerException
	at sampleAppium.testAppium.pageObjects.alertsPage.verifyAlertsLink(alertsPage.java:18)
	at sampleAppium.testAppium.tests.alertsTest.verifyHomePage(alertsTest.java:28)
	at sun.reflect.NativeMethodAccessorImpl.invoke0(Native Method)
	at sun.reflect.NativeMethodAccessorImpl.invoke(NativeMethodAccessorImpl.java:62)
	at sun.reflect.DelegatingMethodAccessorImpl.invoke(DelegatingMethodAccessorImpl.java:43)
	at java.lang.reflect.Method.invoke(Method.java:497)
	at org.testng.internal.MethodInvocationHelper.invokeMethod(MethodInvocationHelper.java:104)
	at org.testng.internal.Invoker.invokeMethod(Invoker.java:645)
	at org.testng.internal.Invoker.invokeTestMethod(Invoker.java:851)
	at org.testng.internal.Invoker.invokeTestMethods(Invoker.java:1177)
	at org.testng.internal.TestMethodWorker.invokeTestMethods(TestMethodWorker.java:129)
	at org.testng.internal.TestMethodWorker.run(TestMethodWorker.java:112)
	at org.testng.TestRunner.privateRun(TestRunner.java:756)
	at org.testng.TestRunner.run(TestRunner.java:610)
	at org.testng.SuiteRunner.runTest(SuiteRunner.java:387)
	at org.testng.SuiteRunner.runSequentially(SuiteRunner.java:382)
	at org.testng.SuiteRunner.privateRun(SuiteRunner.java:340)
	at org.testng.SuiteRunner.run(SuiteRunner.java:289)
	at org.testng.SuiteRunnerWorker.runSuite(SuiteRunnerWorker.java:52)
	at org.testng.SuiteRunnerWorker.run(SuiteRunnerWorker.java:86)
	at org.testng.TestNG.runSuitesSequentially(TestNG.java:1293)
	at org.testng.TestNG.runSuitesLocally(TestNG.java:1218)
	at org.testng.TestNG.runSuites(TestNG.java:1133)
	at org.testng.TestNG.run(TestNG.java:1104)
	at org.testng.remote.AbstractRemoteTestNG.run(AbstractRemoteTestNG.java:132)
	at org.testng.remote.RemoteTestNG.initAndRun(RemoteTestNG.java:236)
	at org.testng.remote.RemoteTestNG.main(RemoteTestNG.java:81)
]]>
            </full-stacktrace>
          </exception> <!-- java.lang.NullPointerException -->
          <reporter-output>
          </reporter-output>
        </test-method> <!-- verifyHomePage -->
        <test-method status="FAIL" signature="tearDown()[pri:0, instance:sampleAppium.testAppium.tests.alertsTest@4667ae56]" name="tearDown" is-config="true" duration-ms="0" started-at="2017-01-11T17:45:00Z" finished-at="2017-01-11T17:45:00Z">
          <exception class="java.lang.NullPointerException">
            <full-stacktrace>
              <![CDATA[java.lang.NullPointerException
	at sampleAppium.testAppium.base.TestBase.tearDown(TestBase.java:68)
	at sun.reflect.NativeMethodAccessorImpl.invoke0(Native Method)
	at sun.reflect.NativeMethodAccessorImpl.invoke(NativeMethodAccessorImpl.java:62)
	at sun.reflect.DelegatingMethodAccessorImpl.invoke(DelegatingMethodAccessorImpl.java:43)
	at java.lang.reflect.Method.invoke(Method.java:497)
	at org.testng.internal.MethodInvocationHelper.invokeMethod(MethodInvocationHelper.java:104)
	at org.testng.internal.Invoker.invokeConfigurationMethod(Invoker.java:515)
	at org.testng.internal.Invoker.invokeConfigurations(Invoker.java:217)
	at org.testng.internal.Invoker.invokeConfigurations(Invoker.java:144)
	at org.testng.internal.TestMethodWorker.invokeAfterClassMethods(TestMethodWorker.java:217)
	at org.testng.internal.TestMethodWorker.run(TestMethodWorker.java:115)
	at org.testng.TestRunner.privateRun(TestRunner.java:756)
	at org.testng.TestRunner.run(TestRunner.java:610)
	at org.testng.SuiteRunner.runTest(SuiteRunner.java:387)
	at org.testng.SuiteRunner.runSequentially(SuiteRunner.java:382)
	at org.testng.SuiteRunner.privateRun(SuiteRunner.java:340)
	at org.testng.SuiteRunner.run(SuiteRunner.java:289)
	at org.testng.SuiteRunnerWorker.runSuite(SuiteRunnerWorker.java:52)
	at org.testng.SuiteRunnerWorker.run(SuiteRunnerWorker.java:86)
	at org.testng.TestNG.runSuitesSequentially(TestNG.java:1293)
	at org.testng.TestNG.runSuitesLocally(TestNG.java:1218)
	at org.testng.TestNG.runSuites(TestNG.java:1133)
	at org.testng.TestNG.run(TestNG.java:1104)
	at org.testng.remote.AbstractRemoteTestNG.run(AbstractRemoteTestNG.java:132)
	at org.testng.remote.RemoteTestNG.initAndRun(RemoteTestNG.java:236)
	at org.testng.remote.RemoteTestNG.main(RemoteTestNG.java:81)
]]>
            </full-stacktrace>
          </exception> <!-- java.lang.NullPointerException -->
          <reporter-output>
          </reporter-output>
        </test-method> <!-- tearDown -->
      </class> <!-- sampleAppium.testAppium.tests.alertsTest -->
    </test> <!-- sample test -->
  </suite> <!-- Page Object test example -->
</testng-results>
